[nft-drop.webflow.io/index.html]
[backblue.gif]
[fade.gif]
[index.html]
[assets.website-files.com/619f485207368e1139a39a1c/css/nft-drop.webflow.174ededb2.css]
[ajax.googleapis.com/ajax/libs/webfont/1.6.26/webfont.js]
[assets.website-files.com/619f485207368e1139a39a1c/61ab31e14965bf085ce3660b_Favicon 32.png]
[assets.website-files.com/619f485207368e1139a39a1c/61ab31e76b0c1cda15662cd8_Favicon 256.png]
[d3e54v103j8qbb.cloudfront.net/js/jquery-3.5.1.min.dc5e7f18c85893.js]
[nft-drop.webflow.io/index.html]
[assets.website-files.com/619f485207368e1139a39a1c/css/nft-drop.webflow.174ededb2.css]
[assets.website-files.com/619f485207368e1139a39a1c/js/webflow.b96a9853c.js]
[nft-drop.webflow.io/contact]
[nft-drop.webflow.io/terms-conditions]
[nft-drop.webflow.io/privacy-policy]
[nft-drop.webflow.io/admin/style-guide]
[nft-drop.webflow.io/admin/licenses]
[nft-drop.webflow.io/admin/instructions]
[nft-drop.webflow.io/401]
[nft-drop.webflow.io/404]
